Performing C SOURCE FILE Test CMAKE_HAVE_LIBC_PTHREAD failed with the following output:
Change Dir: /mnt/e/scudb/scudb_initial/build/CMakeFiles/CMakeTmp

Run Build Command(s):/usr/bin/make cmTC_fbf39/fast && make: Warning: File 'Makefile' has modification time 0.75 s in the future
/usr/bin/make -f CMakeFiles/cmTC_fbf39.dir/build.make CMakeFiles/cmTC_fbf39.dir/build
make[1]: Entering directory '/mnt/e/scudb/scudb_initial/build/CMakeFiles/CMakeTmp'
make[1]: Warning: File 'CMakeFiles/cmTC_fbf39.dir/flags.make' has modification time 0.73 s in the future
Building C object CMakeFiles/cmTC_fbf39.dir/src.c.o
/usr/bin/gcc   -DCMAKE_HAVE_LIBC_PTHREAD   -o CMakeFiles/cmTC_fbf39.dir/src.c.o   -c /mnt/e/scudb/scudb_initial/build/CMakeFiles/CMakeTmp/src.c
Linking C executable cmTC_fbf39
/usr/bin/cmake -E cmake_link_script CMakeFiles/cmTC_fbf39.dir/link.txt --verbose=1
/usr/bin/gcc  -DCMAKE_HAVE_LIBC_PTHREAD    -rdynamic CMakeFiles/cmTC_fbf39.dir/src.c.o  -o cmTC_fbf39 
/usr/bin/ld: CMakeFiles/cmTC_fbf39.dir/src.c.o: in function `main':
src.c:(.text+0x3c): undefined reference to `pthread_create'
/usr/bin/ld: src.c:(.text+0x48): undefined reference to `pthread_detach'
/usr/bin/ld: src.c:(.text+0x59): undefined reference to `pthread_join'
collect2: error: ld returned 1 exit status
make[1]: *** [CMakeFiles/cmTC_fbf39.dir/build.make:87: cmTC_fbf39] Error 1
make[1]: Leaving directory '/mnt/e/scudb/scudb_initial/build/CMakeFiles/CMakeTmp'
make: *** [Makefile:121: cmTC_fbf39/fast] Error 2


Source file was:
#include <pthread.h>

void* test_func(void* data)
{
  return data;
}

int main(void)
{
  pthread_t thread;
  pthread_create(&thread, NULL, test_func, NULL);
  pthread_detach(thread);
  pthread_join(thread, NULL);
  pthread_atfork(NULL, NULL, NULL);
  pthread_exit(NULL);

  return 0;
}

Determining if the function pthread_create exists in the pthreads failed with the following output:
Change Dir: /mnt/e/scudb/scudb_initial/build/CMakeFiles/CMakeTmp

Run Build Command(s):/usr/bin/make cmTC_af2e5/fast && make: Warning: File 'Makefile' has modification time 0.65 s in the future
/usr/bin/make -f CMakeFiles/cmTC_af2e5.dir/build.make CMakeFiles/cmTC_af2e5.dir/build
make[1]: Entering directory '/mnt/e/scudb/scudb_initial/build/CMakeFiles/CMakeTmp'
make[1]: Warning: File 'CMakeFiles/cmTC_af2e5.dir/flags.make' has modification time 0.61 s in the future
Building C object CMakeFiles/cmTC_af2e5.dir/CheckFunctionExists.c.o
/usr/bin/gcc   -DCHECK_FUNCTION_EXISTS=pthread_create   -o CMakeFiles/cmTC_af2e5.dir/CheckFunctionExists.c.o   -c /usr/share/cmake-3.16/Modules/CheckFunctionExists.c
Linking C executable cmTC_af2e5
/usr/bin/cmake -E cmake_link_script CMakeFiles/cmTC_af2e5.dir/link.txt --verbose=1
/usr/bin/gcc  -DCHECK_FUNCTION_EXISTS=pthread_create    -rdynamic CMakeFiles/cmTC_af2e5.dir/CheckFunctionExists.c.o  -o cmTC_af2e5  -lpthreads 
/usr/bin/ld: cannot find -lpthreads
collect2: error: ld returned 1 exit status
make[1]: *** [CMakeFiles/cmTC_af2e5.dir/build.make:87: cmTC_af2e5] Error 1
make[1]: Leaving directory '/mnt/e/scudb/scudb_initial/build/CMakeFiles/CMakeTmp'
make: *** [Makefile:121: cmTC_af2e5/fast] Error 2



